<?xml version="1.0" encoding="utf-8" standalone="no"?>
<!--This file represents the results of running a test suite-->
<test-results name="C:\Users\gartzkds\Documents\Visual Studio 2012\Projects\monopoly\Monopoly\MonopolyTests\bin\Debug\PlayerTests.dll" total="4" errors="0" failures="0" not-run="0" inconclusive="0" ignored="0" skipped="0" invalid="0" date="2013-04-18" time="22:01:48">
  <environment nunit-version="2.6.2.12296" clr-version="2.0.50727.5466" os-version="Microsoft Windows NT 6.1.7601 Service Pack 1" platform="Win32NT" cwd="C:\Users\gartzkds\Pictures\other" machine-name="GARTZKDS-1" user="gartzkds" user-domain="GARTZKDS-1" />
  <culture-info current-culture="en-US" current-uiculture="en-US" />
  <test-suite type="Assembly" name="C:\Users\gartzkds\Documents\Visual Studio 2012\Projects\monopoly\Monopoly\MonopolyTests\bin\Debug\PlayerTests.dll" executed="True" result="Success" success="True" time="0.418" asserts="0">
    <results>
      <test-suite type="Namespace" name="MonopolyTests" executed="True" result="Success" success="True" time="0.339" asserts="0">
        <results>
          <test-suite type="TestFixture" name="UtilityTests" executed="True" result="Success" success="True" time="0.331" asserts="0">
            <results>
              <test-case name="MonopolyTests.UtilityTests.testAddHouseFail" executed="True" result="Success" success="True" time="0.209" asserts="6" />
              <test-case name="MonopolyTests.UtilityTests.testGettingRent" executed="True" result="Success" success="True" time="0.007" asserts="3" />
              <test-case name="MonopolyTests.UtilityTests.testInitializes" executed="True" result="Success" success="True" time="0.035" asserts="1" />
              <test-case name="MonopolyTests.UtilityTests.testValues" executed="True" result="Success" success="True" time="0.006" asserts="6" />
            </results>
          </test-suite>
        </results>
      </test-suite>
    </results>
  </test-suite>
</test-results>