<?xml version="1.0" encoding="utf-8" standalone="no"?>
<!--This file represents the results of running a test suite-->
<test-results name="C:\Users\gartzkds\Documents\Visual Studio 2012\Projects\monopoly\Monopoly\MonopolyTests\bin\Debug\PlayerTests.dll" total="1" errors="0" failures="0" not-run="0" inconclusive="0" ignored="0" skipped="0" invalid="0" date="2013-05-10" time="12:25:36">
  <environment nunit-version="2.6.2.12296" clr-version="2.0.50727.5466" os-version="Microsoft Windows NT 6.1.7601 Service Pack 1" platform="Win32NT" cwd="C:\Program Files (x86)\NUnit 2.6.2\bin" machine-name="GARTZKDS-1" user="gartzkds" user-domain="GARTZKDS-1" />
  <culture-info current-culture="en-US" current-uiculture="en-US" />
  <test-suite type="Assembly" name="C:\Users\gartzkds\Documents\Visual Studio 2012\Projects\monopoly\Monopoly\MonopolyTests\bin\Debug\PlayerTests.dll" executed="True" result="Success" success="True" time="2.428" asserts="0">
    <results>
      <test-suite type="Namespace" name="MonopolyTests" executed="True" result="Success" success="True" time="2.353" asserts="0">
        <results>
          <test-suite type="TestFixture" name="BoardTests" executed="True" result="Success" success="True" time="2.346" asserts="0">
            <results>
              <test-case name="MonopolyTests.BoardTests.testJailFine" executed="True" result="Success" success="True" time="2.300" asserts="1" />
            </results>
          </test-suite>
        </results>
      </test-suite>
    </results>
  </test-suite>
</test-results>