<?xml version="1.0" encoding="utf-8" standalone="no"?>
<!--This file represents the results of running a test suite-->
<test-results name="C:\Users\gartzkds\Documents\Visual Studio 2012\Projects\monopoly\Monopoly\MonopolyTests\bin\Debug\PlayerTests.dll" total="22" errors="0" failures="0" not-run="0" inconclusive="0" ignored="0" skipped="0" invalid="0" date="2013-04-12" time="05:02:49">
  <environment nunit-version="2.6.2.12296" clr-version="2.0.50727.5466" os-version="Microsoft Windows NT 6.1.7601 Service Pack 1" platform="Win32NT" cwd="C:\Program Files (x86)\NUnit 2.6.2\bin" machine-name="GARTZKDS-1" user="gartzkds" user-domain="GARTZKDS-1" />
  <culture-info current-culture="en-US" current-uiculture="en-US" />
  <test-suite type="Assembly" name="C:\Users\gartzkds\Documents\Visual Studio 2012\Projects\monopoly\Monopoly\MonopolyTests\bin\Debug\PlayerTests.dll" executed="True" result="Success" success="True" time="1.476" asserts="0">
    <results>
      <test-suite type="Namespace" name="MonopolyTests" executed="True" result="Success" success="True" time="1.450" asserts="0">
        <results>
          <test-suite type="TestFixture" name="BoardTests" executed="True" result="Success" success="True" time="1.447" asserts="0">
            <results>
              <test-case name="MonopolyTests.BoardTests.TestBoardInitializePlayer" executed="True" result="Success" success="True" time="0.821" asserts="1" />
              <test-case name="MonopolyTests.BoardTests.TestBoardPopulateLocations" executed="True" result="Success" success="True" time="0.021" asserts="2" />
              <test-case name="MonopolyTests.BoardTests.TestBuyDisplay" executed="True" result="Success" success="True" time="0.046" asserts="3" />
              <test-case name="MonopolyTests.BoardTests.TestBuyProperty" executed="True" result="Success" success="True" time="0.014" asserts="9" />
              <test-case name="MonopolyTests.BoardTests.TestEndTurn" executed="True" result="Success" success="True" time="0.007" asserts="5" />
              <test-case name="MonopolyTests.BoardTests.TestMortgageThrowsAlreadyMortgagedErrors" executed="True" result="Success" success="True" time="0.009" asserts="1" />
              <test-case name="MonopolyTests.BoardTests.TestMortgageThrowsNoHousesErrors" executed="True" result="Success" success="True" time="0.005" asserts="1" />
              <test-case name="MonopolyTests.BoardTests.TestMortgageThrowsNoneSelectedErrors" executed="True" result="Success" success="True" time="0.004" asserts="1" />
              <test-case name="MonopolyTests.BoardTests.TestMovePlayer" executed="True" result="Success" success="True" time="0.136" asserts="1" />
              <test-case name="MonopolyTests.BoardTests.TestMultipleMortgagePropertiesMoneyChanges" executed="True" result="Success" success="True" time="0.005" asserts="2" />
              <test-case name="MonopolyTests.BoardTests.TestOneMortgagePropertiesMoneyChanges" executed="True" result="Success" success="True" time="0.005" asserts="2" />
              <test-case name="MonopolyTests.BoardTests.TestPlayerShapePosition" executed="True" result="Success" success="True" time="0.019" asserts="12" />
              <test-case name="MonopolyTests.BoardTests.TestRollingDie" executed="True" result="Success" success="True" time="0.014" asserts="4" />
              <test-case name="MonopolyTests.BoardTests.TestThatBoardInitializes" executed="True" result="Success" success="True" time="0.004" asserts="1" />
              <test-case name="MonopolyTests.BoardTests.TestTrade1" executed="True" result="Success" success="True" time="0.010" asserts="2" />
              <test-case name="MonopolyTests.BoardTests.TestTradeAllMoney" executed="True" result="Success" success="True" time="0.005" asserts="2" />
              <test-case name="MonopolyTests.BoardTests.TestTradeEmptyPropertyList" executed="True" result="Success" success="True" time="0.005" asserts="2" />
              <test-case name="MonopolyTests.BoardTests.TestTradeExcessiveMoneyDoesNotTrade" executed="True" result="Success" success="True" time="0.005" asserts="2" />
              <test-case name="MonopolyTests.BoardTests.TestTradeNegativeMoneyDoesNotTrade" executed="True" result="Success" success="True" time="0.004" asserts="2" />
              <test-case name="MonopolyTests.BoardTests.TestTradeOneProperty" executed="True" result="Success" success="True" time="0.005" asserts="2" />
              <test-case name="MonopolyTests.BoardTests.TestTradeTwoProperties" executed="True" result="Success" success="True" time="0.005" asserts="2" />
              <test-case name="MonopolyTests.BoardTests.TestTradeUnownedProperty" executed="True" result="Success" success="True" time="0.005" asserts="2" />
            </results>
          </test-suite>
        </results>
      </test-suite>
    </results>
  </test-suite>
</test-results>