<?xml version="1.0" encoding="utf-8" standalone="no"?>
<!--This file represents the results of running a test suite-->
<test-results name="C:\Users\gartzkds\Documents\Visual Studio 2012\Projects\monopoly\Monopoly\MonopolyTests\bin\Debug\PlayerTests.dll" total="7" errors="0" failures="0" not-run="0" inconclusive="0" ignored="0" skipped="0" invalid="0" date="2013-04-12" time="02:58:43">
  <environment nunit-version="2.6.2.12296" clr-version="2.0.50727.5466" os-version="Microsoft Windows NT 6.1.7601 Service Pack 1" platform="Win32NT" cwd="C:\Program Files (x86)\NUnit 2.6.2\bin" machine-name="GARTZKDS-1" user="gartzkds" user-domain="GARTZKDS-1" />
  <culture-info current-culture="en-US" current-uiculture="en-US" />
  <test-suite type="Assembly" name="C:\Users\gartzkds\Documents\Visual Studio 2012\Projects\monopoly\Monopoly\MonopolyTests\bin\Debug\PlayerTests.dll" executed="True" result="Success" success="True" time="0.194" asserts="0">
    <results>
      <test-suite type="Namespace" name="MonopolyTests" executed="True" result="Success" success="True" time="0.168" asserts="0">
        <results>
          <test-suite type="TestFixture" name="PropertyTests" executed="True" result="Success" success="True" time="0.166" asserts="0">
            <results>
              <test-case name="MonopolyTests.PropertyTests.testAddingHouses" executed="True" result="Success" success="True" time="0.102" asserts="7" />
              <test-case name="MonopolyTests.PropertyTests.testChangingPlayer" executed="True" result="Success" success="True" time="0.014" asserts="3" />
              <test-case name="MonopolyTests.PropertyTests.testInitializes" executed="True" result="Success" success="True" time="0.003" asserts="1" />
              <test-case name="MonopolyTests.PropertyTests.testMorgagePayment" executed="True" result="Success" success="True" time="0.001" asserts="1" />
              <test-case name="MonopolyTests.PropertyTests.testPlacingAndLiftingMortgage" executed="True" result="Success" success="True" time="0.003" asserts="6" />
              <test-case name="MonopolyTests.PropertyTests.testRemovingHouses" executed="True" result="Success" success="True" time="0.001" asserts="3" />
              <test-case name="MonopolyTests.PropertyTests.testValuesStore" executed="True" result="Success" success="True" time="0.002" asserts="8" />
            </results>
          </test-suite>
        </results>
      </test-suite>
    </results>
  </test-suite>
</test-results>