<?xml version="1.0" encoding="utf-8" standalone="no"?>
<!--This file represents the results of running a test suite-->
<test-results name="C:\Users\lockarbm\Desktop\School\SSpring\SQA\Monopoly\MonopolyTests\bin\Debug\PlayerTests.dll" total="9" errors="0" failures="0" not-run="0" inconclusive="0" ignored="0" skipped="0" invalid="0" date="2013-03-22" time="11:30:41">
  <environment nunit-version="2.6.2.12296" clr-version="2.0.50727.5466" os-version="Microsoft Windows NT 6.1.7601 Service Pack 1" platform="Win32NT" cwd="C:\Program Files\NUnit 2.6.2\bin" machine-name="LOCKARBM-1" user="lockarbm" user-domain="LOCKARBM-1" />
  <culture-info current-culture="en-US" current-uiculture="en-US" />
  <test-suite type="Assembly" name="C:\Users\lockarbm\Desktop\School\SSpring\SQA\Monopoly\MonopolyTests\bin\Debug\PlayerTests.dll" executed="True" result="Success" success="True" time="0.127" asserts="0">
    <results>
      <test-suite type="Namespace" name="MonopolyTests" executed="True" result="Success" success="True" time="0.104" asserts="0">
        <results>
          <test-suite type="TestFixture" name="BoardTests" executed="True" result="Success" success="True" time="0.104" asserts="0">
            <results>
              <test-case name="MonopolyTests.BoardTests.TestBoardInitializePlayer" executed="True" result="Success" success="True" time="0.003" asserts="1" />
              <test-case name="MonopolyTests.BoardTests.TestBoardPopulateLocations" executed="True" result="Success" success="True" time="0.002" asserts="2" />
              <test-case name="MonopolyTests.BoardTests.TestMovePlayer" executed="True" result="Success" success="True" time="0.009" asserts="1" />
              <test-case name="MonopolyTests.BoardTests.TestPlayerShapePosition" executed="True" result="Success" success="True" time="0.014" asserts="12" />
              <test-case name="MonopolyTests.BoardTests.TestRollingDie" executed="True" result="Success" success="True" time="0.006" asserts="4" />
              <test-case name="MonopolyTests.BoardTests.TestThatBoardInitializes" executed="True" result="Success" success="True" time="0.002" asserts="1" />
            </results>
          </test-suite>
        </results>
      </test-suite>
      <test-suite type="Namespace" name="PlayerTests" executed="True" result="Success" success="True" time="0.005" asserts="0">
        <results>
          <test-suite type="TestFixture" name="PlayerTests" executed="True" result="Success" success="True" time="0.005" asserts="0">
            <results>
              <test-case name="PlayerTests.PlayerTests.TestPlayerMoves" executed="True" result="Success" success="True" time="0.000" asserts="11" />
              <test-case name="PlayerTests.PlayerTests.TestPlayerStartPosition" executed="True" result="Success" success="True" time="0.000" asserts="1" />
              <test-case name="PlayerTests.PlayerTests.TestThatPlayerInitializes" executed="True" result="Success" success="True" time="0.000" asserts="1" />
            </results>
          </test-suite>
        </results>
      </test-suite>
    </results>
  </test-suite>
</test-results>