<?xml version="1.0" encoding="utf-8" standalone="no"?>
<!--This file represents the results of running a test suite-->
<test-results name="C:\Users\Francis\Documents\Visual Studio 2012\Projects\Monopoly\MonopolyTests\bin\Debug\PlayerTests.dll" total="6" errors="0" failures="0" not-run="0" inconclusive="0" ignored="0" skipped="0" invalid="0" date="2013-03-21" time="22:47:31">
  <environment nunit-version="2.6.2.12296" clr-version="2.0.50727.5466" os-version="Microsoft Windows NT 6.1.7601 Service Pack 1" platform="Win32NT" cwd="C:\Program Files\NUnit 2.6.2\bin" machine-name="FRANCIS-PC" user="Francis" user-domain="Francis-PC" />
  <culture-info current-culture="zh-CN" current-uiculture="zh-CN" />
  <test-suite type="Assembly" name="C:\Users\Francis\Documents\Visual Studio 2012\Projects\Monopoly\MonopolyTests\bin\Debug\PlayerTests.dll" executed="True" result="Success" success="True" time="1.458" asserts="0">
    <results>
      <test-suite type="Namespace" name="PlayerTests" executed="True" result="Success" success="True" time="1.433" asserts="0">
        <results>
          <test-suite type="TestFixture" name="BoardTest" executed="True" result="Success" success="True" time="1.389" asserts="0">
            <results>
              <test-case name="PlayerTests.BoardTest.TestBoardInitializePlayer" executed="True" result="Success" success="True" time="1.266" asserts="1" />
              <test-case name="PlayerTests.BoardTest.TestRollingDie" executed="True" result="Success" success="True" time="0.021" asserts="4" />
              <test-case name="PlayerTests.BoardTest.TestThatBoardInitializes" executed="True" result="Success" success="True" time="0.009" asserts="1" />
            </results>
          </test-suite>
          <test-suite type="TestFixture" name="PlayerTests" executed="True" result="Success" success="True" time="0.033" asserts="0">
            <results>
              <test-case name="PlayerTests.PlayerTests.TestPlayerMoves" executed="True" result="Success" success="True" time="0.016" asserts="11" />
              <test-case name="PlayerTests.PlayerTests.TestPlayerStartPosition" executed="True" result="Success" success="True" time="0.000" asserts="1" />
              <test-case name="PlayerTests.PlayerTests.TestThatPlayerInitializes" executed="True" result="Success" success="True" time="0.000" asserts="1" />
            </results>
          </test-suite>
        </results>
      </test-suite>
    </results>
  </test-suite>
</test-results>